<?xml version="1.0" encoding="UTF-8"?>
<testng-results ignored="0" total="1" passed="1" failed="0" skipped="0">
  <reporter-output>
  </reporter-output>
  <suite started-at="2022-10-06T10:15:12 EDT" name="Default suite" finished-at="2022-10-06T10:15:17 EDT" duration-ms="5619">
    <groups>
    </groups>
    <test started-at="2022-10-06T10:15:12 EDT" name="Default test" finished-at="2022-10-06T10:15:17 EDT" duration-ms="5619">
      <class name="com.PracticeNewSelenium.WebTable">
        <test-method signature="tableverify()[pri:0, instance:com.PracticeNewSelenium.WebTable@a2431d0]" started-at="2022-10-06T10:15:12 EDT" name="tableverify" finished-at="2022-10-06T10:15:17 EDT" duration-ms="5588" status="PASS">
          <reporter-output>
          </reporter-output>
        </test-method> <!-- tableverify -->
      </class> <!-- com.PracticeNewSelenium.WebTable -->
    </test> <!-- Default test -->
  </suite> <!-- Default suite -->
</testng-results>
